{"/Users/polsieira/OneDrive/Documents/Turing/mod-4/projects/pallette_picker/palette-producer-api/app.js": {"path":"/Users/polsieira/OneDrive/Documents/Turing/mod-4/projects/pallette_picker/palette-producer-api/app.js","statementMap":{"0":{"start":{"line":3,"column":20},"end":{"line":3,"column":57}},"1":{"start":{"line":4,"column":22},"end":{"line":4,"column":56}},"2":{"start":{"line":5,"column":17},"end":{"line":5,"column":47}},"3":{"start":{"line":6,"column":12},"end":{"line":6,"column":21}},"4":{"start":{"line":8,"column":0},"end":{"line":8,"column":38}},"5":{"start":{"line":9,"column":0},"end":{"line":9,"column":16}},"6":{"start":{"line":10,"column":0},"end":{"line":10,"column":24}},"7":{"start":{"line":15,"column":0},"end":{"line":30,"column":3}},"8":{"start":{"line":16,"column":33},"end":{"line":16,"column":45}},"9":{"start":{"line":17,"column":2},"end":{"line":29,"column":61}},"10":{"start":{"line":20,"column":6},"end":{"line":27,"column":7}},"11":{"start":{"line":21,"column":39},"end":{"line":21,"column":47}},"12":{"start":{"line":22,"column":8},"end":{"line":22,"column":65}},"13":{"start":{"line":24,"column":8},"end":{"line":26,"column":61}},"14":{"start":{"line":29,"column":18},"end":{"line":29,"column":59}},"15":{"start":{"line":34,"column":0},"end":{"line":49,"column":3}},"16":{"start":{"line":35,"column":33},"end":{"line":35,"column":45}},"17":{"start":{"line":36,"column":2},"end":{"line":42,"column":3}},"18":{"start":{"line":37,"column":4},"end":{"line":41,"column":5}},"19":{"start":{"line":38,"column":6},"end":{"line":40,"column":9}},"20":{"start":{"line":43,"column":2},"end":{"line":48,"column":61}},"21":{"start":{"line":46,"column":6},"end":{"line":46,"column":64}},"22":{"start":{"line":48,"column":18},"end":{"line":48,"column":59}},"23":{"start":{"line":53,"column":0},"end":{"line":65,"column":2}},"24":{"start":{"line":54,"column":22},"end":{"line":54,"column":36}},"25":{"start":{"line":55,"column":2},"end":{"line":64,"column":3}},"26":{"start":{"line":56,"column":21},"end":{"line":56,"column":66}},"27":{"start":{"line":57,"column":4},"end":{"line":61,"column":5}},"28":{"start":{"line":58,"column":6},"end":{"line":58,"column":48}},"29":{"start":{"line":60,"column":6},"end":{"line":60,"column":71}},"30":{"start":{"line":63,"column":4},"end":{"line":63,"column":56}},"31":{"start":{"line":63,"column":13},"end":{"line":63,"column":56}},"32":{"start":{"line":67,"column":0},"end":{"line":79,"column":3}},"33":{"start":{"line":68,"column":17},"end":{"line":68,"column":31}},"34":{"start":{"line":69,"column":2},"end":{"line":78,"column":3}},"35":{"start":{"line":70,"column":20},"end":{"line":70,"column":68}},"36":{"start":{"line":71,"column":4},"end":{"line":75,"column":5}},"37":{"start":{"line":72,"column":6},"end":{"line":72,"column":48}},"38":{"start":{"line":74,"column":6},"end":{"line":74,"column":99}},"39":{"start":{"line":77,"column":4},"end":{"line":77,"column":57}},"40":{"start":{"line":77,"column":13},"end":{"line":77,"column":56}},"41":{"start":{"line":82,"column":0},"end":{"line":94,"column":3}},"42":{"start":{"line":83,"column":25},"end":{"line":83,"column":39}},"43":{"start":{"line":84,"column":2},"end":{"line":93,"column":3}},"44":{"start":{"line":85,"column":21},"end":{"line":85,"column":69}},"45":{"start":{"line":86,"column":4},"end":{"line":90,"column":5}},"46":{"start":{"line":87,"column":6},"end":{"line":87,"column":49}},"47":{"start":{"line":89,"column":6},"end":{"line":89,"column":72}},"48":{"start":{"line":92,"column":4},"end":{"line":92,"column":57}},"49":{"start":{"line":92,"column":13},"end":{"line":92,"column":56}},"50":{"start":{"line":97,"column":0},"end":{"line":113,"column":2}},"51":{"start":{"line":98,"column":18},"end":{"line":98,"column":30}},"52":{"start":{"line":99,"column":2},"end":{"line":105,"column":3}},"53":{"start":{"line":100,"column":4},"end":{"line":104,"column":5}},"54":{"start":{"line":101,"column":6},"end":{"line":103,"column":134}},"55":{"start":{"line":106,"column":2},"end":{"line":112,"column":7}},"56":{"start":{"line":108,"column":6},"end":{"line":108,"column":65}},"57":{"start":{"line":111,"column":6},"end":{"line":111,"column":43}},"58":{"start":{"line":116,"column":0},"end":{"line":133,"column":3}},"59":{"start":{"line":117,"column":18},"end":{"line":117,"column":30}},"60":{"start":{"line":118,"column":2},"end":{"line":124,"column":3}},"61":{"start":{"line":119,"column":4},"end":{"line":123,"column":5}},"62":{"start":{"line":120,"column":6},"end":{"line":122,"column":9}},"63":{"start":{"line":125,"column":2},"end":{"line":132,"column":7}},"64":{"start":{"line":128,"column":6},"end":{"line":128,"column":66}},"65":{"start":{"line":131,"column":6},"end":{"line":131,"column":50}},"66":{"start":{"line":137,"column":0},"end":{"line":175,"column":3}},"67":{"start":{"line":138,"column":17},"end":{"line":138,"column":31}},"68":{"start":{"line":139,"column":26},"end":{"line":141,"column":13}},"69":{"start":{"line":142,"column":2},"end":{"line":146,"column":3}},"70":{"start":{"line":143,"column":4},"end":{"line":145,"column":63}},"71":{"start":{"line":147,"column":29},"end":{"line":154,"column":3}},"72":{"start":{"line":155,"column":22},"end":{"line":155,"column":50}},"73":{"start":{"line":156,"column":27},"end":{"line":156,"column":67}},"74":{"start":{"line":157,"column":2},"end":{"line":174,"column":3}},"75":{"start":{"line":158,"column":4},"end":{"line":160,"column":7}},"76":{"start":{"line":163,"column":4},"end":{"line":173,"column":60}},"77":{"start":{"line":169,"column":8},"end":{"line":171,"column":54}},"78":{"start":{"line":173,"column":22},"end":{"line":173,"column":58}},"79":{"start":{"line":179,"column":0},"end":{"line":212,"column":3}},"80":{"start":{"line":180,"column":17},"end":{"line":180,"column":31}},"81":{"start":{"line":181,"column":26},"end":{"line":183,"column":13}},"82":{"start":{"line":184,"column":2},"end":{"line":188,"column":3}},"83":{"start":{"line":185,"column":4},"end":{"line":187,"column":63}},"84":{"start":{"line":189,"column":29},"end":{"line":191,"column":3}},"85":{"start":{"line":192,"column":22},"end":{"line":192,"column":50}},"86":{"start":{"line":193,"column":27},"end":{"line":193,"column":67}},"87":{"start":{"line":194,"column":2},"end":{"line":211,"column":3}},"88":{"start":{"line":195,"column":4},"end":{"line":197,"column":7}},"89":{"start":{"line":200,"column":4},"end":{"line":210,"column":60}},"90":{"start":{"line":206,"column":8},"end":{"line":208,"column":54}},"91":{"start":{"line":210,"column":22},"end":{"line":210,"column":58}},"92":{"start":{"line":215,"column":0},"end":{"line":233,"column":3}},"93":{"start":{"line":216,"column":17},"end":{"line":216,"column":31}},"94":{"start":{"line":217,"column":2},"end":{"line":232,"column":7}},"95":{"start":{"line":221,"column":6},"end":{"line":225,"column":7}},"96":{"start":{"line":222,"column":8},"end":{"line":224,"column":61}},"97":{"start":{"line":226,"column":6},"end":{"line":228,"column":33}},"98":{"start":{"line":231,"column":6},"end":{"line":231,"column":37}},"99":{"start":{"line":235,"column":0},"end":{"line":251,"column":3}},"100":{"start":{"line":236,"column":17},"end":{"line":236,"column":31}},"101":{"start":{"line":237,"column":2},"end":{"line":250,"column":7}},"102":{"start":{"line":241,"column":6},"end":{"line":245,"column":7}},"103":{"start":{"line":242,"column":8},"end":{"line":244,"column":61}},"104":{"start":{"line":246,"column":6},"end":{"line":246,"column":51}},"105":{"start":{"line":249,"column":6},"end":{"line":249,"column":37}},"106":{"start":{"line":253,"column":0},"end":{"line":257,"column":2}},"107":{"start":{"line":254,"column":2},"end":{"line":256,"column":73}}},"fnMap":{"0":{"name":"(anonymous_0)","decl":{"start":{"line":15,"column":26},"end":{"line":15,"column":27}},"loc":{"start":{"line":15,"column":49},"end":{"line":30,"column":1}},"line":15},"1":{"name":"(anonymous_1)","decl":{"start":{"line":19,"column":10},"end":{"line":19,"column":11}},"loc":{"start":{"line":19,"column":19},"end":{"line":28,"column":5}},"line":19},"2":{"name":"(anonymous_2)","decl":{"start":{"line":29,"column":11},"end":{"line":29,"column":12}},"loc":{"start":{"line":29,"column":18},"end":{"line":29,"column":59}},"line":29},"3":{"name":"(anonymous_3)","decl":{"start":{"line":34,"column":27},"end":{"line":34,"column":28}},"loc":{"start":{"line":34,"column":50},"end":{"line":49,"column":1}},"line":34},"4":{"name":"(anonymous_4)","decl":{"start":{"line":45,"column":10},"end":{"line":45,"column":11}},"loc":{"start":{"line":45,"column":16},"end":{"line":47,"column":5}},"line":45},"5":{"name":"(anonymous_5)","decl":{"start":{"line":48,"column":11},"end":{"line":48,"column":12}},"loc":{"start":{"line":48,"column":18},"end":{"line":48,"column":59}},"line":48},"6":{"name":"(anonymous_6)","decl":{"start":{"line":53,"column":43},"end":{"line":53,"column":44}},"loc":{"start":{"line":53,"column":72},"end":{"line":65,"column":1}},"line":53},"7":{"name":"(anonymous_7)","decl":{"start":{"line":63,"column":4},"end":{"line":63,"column":5}},"loc":{"start":{"line":63,"column":13},"end":{"line":63,"column":56}},"line":63},"8":{"name":"(anonymous_8)","decl":{"start":{"line":67,"column":32},"end":{"line":67,"column":33}},"loc":{"start":{"line":67,"column":61},"end":{"line":79,"column":1}},"line":67},"9":{"name":"(anonymous_9)","decl":{"start":{"line":77,"column":4},"end":{"line":77,"column":5}},"loc":{"start":{"line":77,"column":13},"end":{"line":77,"column":56}},"line":77},"10":{"name":"(anonymous_10)","decl":{"start":{"line":82,"column":50},"end":{"line":82,"column":51}},"loc":{"start":{"line":82,"column":79},"end":{"line":94,"column":1}},"line":82},"11":{"name":"(anonymous_11)","decl":{"start":{"line":92,"column":4},"end":{"line":92,"column":5}},"loc":{"start":{"line":92,"column":13},"end":{"line":92,"column":56}},"line":92},"12":{"name":"(anonymous_12)","decl":{"start":{"line":97,"column":29},"end":{"line":97,"column":30}},"loc":{"start":{"line":97,"column":58},"end":{"line":113,"column":1}},"line":97},"13":{"name":"(anonymous_13)","decl":{"start":{"line":107,"column":10},"end":{"line":107,"column":11}},"loc":{"start":{"line":107,"column":23},"end":{"line":109,"column":5}},"line":107},"14":{"name":"(anonymous_14)","decl":{"start":{"line":110,"column":11},"end":{"line":110,"column":12}},"loc":{"start":{"line":110,"column":20},"end":{"line":112,"column":5}},"line":110},"15":{"name":"(anonymous_15)","decl":{"start":{"line":116,"column":29},"end":{"line":116,"column":30}},"loc":{"start":{"line":116,"column":58},"end":{"line":133,"column":1}},"line":116},"16":{"name":"(anonymous_16)","decl":{"start":{"line":127,"column":10},"end":{"line":127,"column":11}},"loc":{"start":{"line":127,"column":23},"end":{"line":129,"column":5}},"line":127},"17":{"name":"(anonymous_17)","decl":{"start":{"line":130,"column":11},"end":{"line":130,"column":12}},"loc":{"start":{"line":130,"column":20},"end":{"line":132,"column":5}},"line":130},"18":{"name":"(anonymous_18)","decl":{"start":{"line":137,"column":34},"end":{"line":137,"column":35}},"loc":{"start":{"line":137,"column":63},"end":{"line":175,"column":1}},"line":137},"19":{"name":"(anonymous_19)","decl":{"start":{"line":168,"column":12},"end":{"line":168,"column":13}},"loc":{"start":{"line":169,"column":8},"end":{"line":171,"column":54}},"line":169},"20":{"name":"(anonymous_20)","decl":{"start":{"line":173,"column":13},"end":{"line":173,"column":14}},"loc":{"start":{"line":173,"column":22},"end":{"line":173,"column":58}},"line":173},"21":{"name":"(anonymous_21)","decl":{"start":{"line":179,"column":34},"end":{"line":179,"column":35}},"loc":{"start":{"line":179,"column":63},"end":{"line":212,"column":1}},"line":179},"22":{"name":"(anonymous_22)","decl":{"start":{"line":205,"column":12},"end":{"line":205,"column":13}},"loc":{"start":{"line":206,"column":8},"end":{"line":208,"column":54}},"line":206},"23":{"name":"(anonymous_23)","decl":{"start":{"line":210,"column":13},"end":{"line":210,"column":14}},"loc":{"start":{"line":210,"column":22},"end":{"line":210,"column":58}},"line":210},"24":{"name":"(anonymous_24)","decl":{"start":{"line":215,"column":35},"end":{"line":215,"column":36}},"loc":{"start":{"line":215,"column":58},"end":{"line":233,"column":1}},"line":215},"25":{"name":"(anonymous_25)","decl":{"start":{"line":220,"column":10},"end":{"line":220,"column":11}},"loc":{"start":{"line":220,"column":17},"end":{"line":229,"column":5}},"line":220},"26":{"name":"(anonymous_26)","decl":{"start":{"line":230,"column":11},"end":{"line":230,"column":12}},"loc":{"start":{"line":230,"column":18},"end":{"line":232,"column":5}},"line":230},"27":{"name":"(anonymous_27)","decl":{"start":{"line":235,"column":35},"end":{"line":235,"column":36}},"loc":{"start":{"line":235,"column":58},"end":{"line":251,"column":1}},"line":235},"28":{"name":"(anonymous_28)","decl":{"start":{"line":240,"column":10},"end":{"line":240,"column":11}},"loc":{"start":{"line":240,"column":17},"end":{"line":247,"column":5}},"line":240},"29":{"name":"(anonymous_29)","decl":{"start":{"line":248,"column":11},"end":{"line":248,"column":12}},"loc":{"start":{"line":248,"column":18},"end":{"line":250,"column":5}},"line":248},"30":{"name":"(anonymous_30)","decl":{"start":{"line":253,"column":26},"end":{"line":253,"column":27}},"loc":{"start":{"line":253,"column":49},"end":{"line":257,"column":1}},"line":253}},"branchMap":{"0":{"loc":{"start":{"line":3,"column":20},"end":{"line":3,"column":57}},"type":"binary-expr","locations":[{"start":{"line":3,"column":20},"end":{"line":3,"column":40}},{"start":{"line":3,"column":44},"end":{"line":3,"column":57}}],"line":3},"1":{"loc":{"start":{"line":20,"column":6},"end":{"line":27,"column":7}},"type":"if","locations":[{"start":{"line":20,"column":6},"end":{"line":27,"column":7}},{"start":{"line":20,"column":6},"end":{"line":27,"column":7}}],"line":20},"2":{"loc":{"start":{"line":37,"column":4},"end":{"line":41,"column":5}},"type":"if","locations":[{"start":{"line":37,"column":4},"end":{"line":41,"column":5}},{"start":{"line":37,"column":4},"end":{"line":41,"column":5}}],"line":37},"3":{"loc":{"start":{"line":57,"column":4},"end":{"line":61,"column":5}},"type":"if","locations":[{"start":{"line":57,"column":4},"end":{"line":61,"column":5}},{"start":{"line":57,"column":4},"end":{"line":61,"column":5}}],"line":57},"4":{"loc":{"start":{"line":71,"column":4},"end":{"line":75,"column":5}},"type":"if","locations":[{"start":{"line":71,"column":4},"end":{"line":75,"column":5}},{"start":{"line":71,"column":4},"end":{"line":75,"column":5}}],"line":71},"5":{"loc":{"start":{"line":86,"column":4},"end":{"line":90,"column":5}},"type":"if","locations":[{"start":{"line":86,"column":4},"end":{"line":90,"column":5}},{"start":{"line":86,"column":4},"end":{"line":90,"column":5}}],"line":86},"6":{"loc":{"start":{"line":100,"column":4},"end":{"line":104,"column":5}},"type":"if","locations":[{"start":{"line":100,"column":4},"end":{"line":104,"column":5}},{"start":{"line":100,"column":4},"end":{"line":104,"column":5}}],"line":100},"7":{"loc":{"start":{"line":119,"column":4},"end":{"line":123,"column":5}},"type":"if","locations":[{"start":{"line":119,"column":4},"end":{"line":123,"column":5}},{"start":{"line":119,"column":4},"end":{"line":123,"column":5}}],"line":119},"8":{"loc":{"start":{"line":142,"column":2},"end":{"line":146,"column":3}},"type":"if","locations":[{"start":{"line":142,"column":2},"end":{"line":146,"column":3}},{"start":{"line":142,"column":2},"end":{"line":146,"column":3}}],"line":142},"9":{"loc":{"start":{"line":157,"column":2},"end":{"line":174,"column":3}},"type":"if","locations":[{"start":{"line":157,"column":2},"end":{"line":174,"column":3}},{"start":{"line":157,"column":2},"end":{"line":174,"column":3}}],"line":157},"10":{"loc":{"start":{"line":184,"column":2},"end":{"line":188,"column":3}},"type":"if","locations":[{"start":{"line":184,"column":2},"end":{"line":188,"column":3}},{"start":{"line":184,"column":2},"end":{"line":188,"column":3}}],"line":184},"11":{"loc":{"start":{"line":194,"column":2},"end":{"line":211,"column":3}},"type":"if","locations":[{"start":{"line":194,"column":2},"end":{"line":211,"column":3}},{"start":{"line":194,"column":2},"end":{"line":211,"column":3}}],"line":194},"12":{"loc":{"start":{"line":221,"column":6},"end":{"line":225,"column":7}},"type":"if","locations":[{"start":{"line":221,"column":6},"end":{"line":225,"column":7}},{"start":{"line":221,"column":6},"end":{"line":225,"column":7}}],"line":221},"13":{"loc":{"start":{"line":241,"column":6},"end":{"line":245,"column":7}},"type":"if","locations":[{"start":{"line":241,"column":6},"end":{"line":245,"column":7}},{"start":{"line":241,"column":6},"end":{"line":245,"column":7}}],"line":241}},"s":{"0":1,"1":1,"2":1,"3":1,"4":1,"5":1,"6":1,"7":1,"8":2,"9":2,"10":2,"11":1,"12":1,"13":1,"14":0,"15":1,"16":2,"17":2,"18":3,"19":1,"20":1,"21":1,"22":0,"23":1,"24":2,"25":2,"26":2,"27":2,"28":1,"29":1,"30":0,"31":0,"32":1,"33":2,"34":2,"35":2,"36":2,"37":1,"38":1,"39":0,"40":0,"41":1,"42":2,"43":2,"44":2,"45":2,"46":1,"47":1,"48":0,"49":0,"50":1,"51":2,"52":2,"53":3,"54":1,"55":1,"56":1,"57":0,"58":1,"59":2,"60":2,"61":8,"62":1,"63":1,"64":1,"65":0,"66":1,"67":3,"68":3,"69":3,"70":1,"71":2,"72":2,"73":2,"74":2,"75":1,"76":1,"77":1,"78":0,"79":1,"80":3,"81":3,"82":3,"83":1,"84":2,"85":2,"86":2,"87":2,"88":1,"89":1,"90":1,"91":0,"92":1,"93":2,"94":2,"95":2,"96":1,"97":1,"98":0,"99":1,"100":2,"101":2,"102":2,"103":1,"104":1,"105":0,"106":1,"107":0},"f":{"0":2,"1":2,"2":0,"3":2,"4":1,"5":0,"6":2,"7":0,"8":2,"9":0,"10":2,"11":0,"12":2,"13":1,"14":0,"15":2,"16":1,"17":0,"18":3,"19":1,"20":0,"21":3,"22":1,"23":0,"24":2,"25":2,"26":0,"27":2,"28":2,"29":0,"30":0},"b":{"0":[1,0],"1":[1,1],"2":[1,2],"3":[1,1],"4":[1,1],"5":[1,1],"6":[1,2],"7":[1,7],"8":[1,2],"9":[1,1],"10":[1,2],"11":[1,1],"12":[1,1],"13":[1,1]},"_coverageSchema":"43e27e138ebf9cfc5966b082cf9a028302ed4184","hash":"499764e2fc89b87c5f982d66f0b2a43bc46cf3b1"}
,"/Users/polsieira/OneDrive/Documents/Turing/mod-4/projects/pallette_picker/palette-producer-api/knexfile.js": {"path":"/Users/polsieira/OneDrive/Documents/Turing/mod-4/projects/pallette_picker/palette-producer-api/knexfile.js","statementMap":{"0":{"start":{"line":1,"column":0},"end":{"line":36,"column":2}}},"fnMap":{},"branchMap":{},"s":{"0":1},"f":{},"b":{},"_coverageSchema":"43e27e138ebf9cfc5966b082cf9a028302ed4184","hash":"861d04a9308a2ec4a4af3009a2f5006002603ff2"}
,"/Users/polsieira/OneDrive/Documents/Turing/mod-4/projects/pallette_picker/palette-producer-api/db/seeds/test/palettes.js": {"path":"/Users/polsieira/OneDrive/Documents/Turing/mod-4/projects/pallette_picker/palette-producer-api/db/seeds/test/palettes.js","statementMap":{"0":{"start":{"line":2,"column":18},"end":{"line":60,"column":1}},"1":{"start":{"line":62,"column":19},"end":{"line":75,"column":1}},"2":{"start":{"line":63,"column":2},"end":{"line":74,"column":75}},"3":{"start":{"line":68,"column":28},"end":{"line":68,"column":30}},"4":{"start":{"line":69,"column":6},"end":{"line":71,"column":8}},"5":{"start":{"line":70,"column":8},"end":{"line":70,"column":68}},"6":{"start":{"line":72,"column":6},"end":{"line":72,"column":41}},"7":{"start":{"line":74,"column":22},"end":{"line":74,"column":72}},"8":{"start":{"line":77,"column":23},"end":{"line":90,"column":1}},"9":{"start":{"line":78,"column":2},"end":{"line":89,"column":74}},"10":{"start":{"line":83,"column":28},"end":{"line":83,"column":30}},"11":{"start":{"line":84,"column":6},"end":{"line":86,"column":8}},"12":{"start":{"line":85,"column":8},"end":{"line":85,"column":71}},"13":{"start":{"line":87,"column":6},"end":{"line":87,"column":41}},"14":{"start":{"line":89,"column":22},"end":{"line":89,"column":71}},"15":{"start":{"line":92,"column":23},"end":{"line":102,"column":1}},"16":{"start":{"line":93,"column":2},"end":{"line":101,"column":5}},"17":{"start":{"line":105,"column":0},"end":{"line":117,"column":2}},"18":{"start":{"line":106,"column":2},"end":{"line":116,"column":66}},"19":{"start":{"line":107,"column":16},"end":{"line":107,"column":38}},"20":{"start":{"line":108,"column":16},"end":{"line":108,"column":35}},"21":{"start":{"line":110,"column":25},"end":{"line":110,"column":27}},"22":{"start":{"line":111,"column":6},"end":{"line":113,"column":8}},"23":{"start":{"line":112,"column":8},"end":{"line":112,"column":49}},"24":{"start":{"line":114,"column":6},"end":{"line":114,"column":38}},"25":{"start":{"line":116,"column":20},"end":{"line":116,"column":63}}},"fnMap":{"0":{"name":"(anonymous_0)","decl":{"start":{"line":62,"column":19},"end":{"line":62,"column":20}},"loc":{"start":{"line":62,"column":35},"end":{"line":75,"column":1}},"line":62},"1":{"name":"(anonymous_1)","decl":{"start":{"line":67,"column":10},"end":{"line":67,"column":11}},"loc":{"start":{"line":67,"column":21},"end":{"line":73,"column":5}},"line":67},"2":{"name":"(anonymous_2)","decl":{"start":{"line":69,"column":28},"end":{"line":69,"column":29}},"loc":{"start":{"line":69,"column":39},"end":{"line":71,"column":7}},"line":69},"3":{"name":"(anonymous_3)","decl":{"start":{"line":74,"column":11},"end":{"line":74,"column":12}},"loc":{"start":{"line":74,"column":20},"end":{"line":74,"column":74}},"line":74},"4":{"name":"(anonymous_4)","decl":{"start":{"line":77,"column":23},"end":{"line":77,"column":24}},"loc":{"start":{"line":77,"column":51},"end":{"line":90,"column":1}},"line":77},"5":{"name":"(anonymous_5)","decl":{"start":{"line":82,"column":10},"end":{"line":82,"column":11}},"loc":{"start":{"line":82,"column":24},"end":{"line":88,"column":5}},"line":82},"6":{"name":"(anonymous_6)","decl":{"start":{"line":84,"column":31},"end":{"line":84,"column":32}},"loc":{"start":{"line":84,"column":42},"end":{"line":86,"column":7}},"line":84},"7":{"name":"(anonymous_7)","decl":{"start":{"line":89,"column":11},"end":{"line":89,"column":12}},"loc":{"start":{"line":89,"column":20},"end":{"line":89,"column":73}},"line":89},"8":{"name":"(anonymous_8)","decl":{"start":{"line":92,"column":23},"end":{"line":92,"column":24}},"loc":{"start":{"line":92,"column":54},"end":{"line":102,"column":1}},"line":92},"9":{"name":"(anonymous_9)","decl":{"start":{"line":105,"column":15},"end":{"line":105,"column":16}},"loc":{"start":{"line":105,"column":31},"end":{"line":117,"column":1}},"line":105},"10":{"name":"(anonymous_10)","decl":{"start":{"line":107,"column":10},"end":{"line":107,"column":11}},"loc":{"start":{"line":107,"column":16},"end":{"line":107,"column":38}},"line":107},"11":{"name":"(anonymous_11)","decl":{"start":{"line":108,"column":10},"end":{"line":108,"column":11}},"loc":{"start":{"line":108,"column":16},"end":{"line":108,"column":35}},"line":108},"12":{"name":"(anonymous_12)","decl":{"start":{"line":109,"column":10},"end":{"line":109,"column":11}},"loc":{"start":{"line":109,"column":16},"end":{"line":115,"column":5}},"line":109},"13":{"name":"(anonymous_13)","decl":{"start":{"line":111,"column":24},"end":{"line":111,"column":25}},"loc":{"start":{"line":111,"column":32},"end":{"line":113,"column":7}},"line":111},"14":{"name":"(anonymous_14)","decl":{"start":{"line":116,"column":11},"end":{"line":116,"column":12}},"loc":{"start":{"line":116,"column":18},"end":{"line":116,"column":65}},"line":116}},"branchMap":{},"s":{"0":1,"1":1,"2":72,"3":72,"4":72,"5":72,"6":72,"7":0,"8":1,"9":72,"10":72,"11":72,"12":72,"13":72,"14":0,"15":1,"16":72,"17":1,"18":24,"19":24,"20":24,"21":24,"22":24,"23":72,"24":24,"25":0},"f":{"0":72,"1":72,"2":72,"3":0,"4":72,"5":72,"6":72,"7":0,"8":72,"9":24,"10":24,"11":24,"12":24,"13":72,"14":0},"b":{},"_coverageSchema":"43e27e138ebf9cfc5966b082cf9a028302ed4184","hash":"f8bb9979546a20ce9d370785f6a8088e977fefa2"}
}
