TN:
SF:/Users/polsieira/OneDrive/Documents/Turing/mod-4/projects/pallette_picker/palette-producer-api/app.js
FN:15,(anonymous_0)
FN:19,(anonymous_1)
FN:29,(anonymous_2)
FN:34,(anonymous_3)
FN:45,(anonymous_4)
FN:48,(anonymous_5)
FN:53,(anonymous_6)
FN:63,(anonymous_7)
FN:67,(anonymous_8)
FN:77,(anonymous_9)
FN:82,(anonymous_10)
FN:92,(anonymous_11)
FN:97,(anonymous_12)
FN:107,(anonymous_13)
FN:110,(anonymous_14)
FN:116,(anonymous_15)
FN:127,(anonymous_16)
FN:130,(anonymous_17)
FN:137,(anonymous_18)
FN:168,(anonymous_19)
FN:173,(anonymous_20)
FN:179,(anonymous_21)
FN:205,(anonymous_22)
FN:210,(anonymous_23)
FN:215,(anonymous_24)
FN:220,(anonymous_25)
FN:230,(anonymous_26)
FN:235,(anonymous_27)
FN:240,(anonymous_28)
FN:248,(anonymous_29)
FN:253,(anonymous_30)
FNF:31
FNH:19
FNDA:2,(anonymous_0)
FNDA:2,(anonymous_1)
FNDA:0,(anonymous_2)
FNDA:2,(anonymous_3)
FNDA:1,(anonymous_4)
FNDA:0,(anonymous_5)
FNDA:2,(anonymous_6)
FNDA:0,(anonymous_7)
FNDA:2,(anonymous_8)
FNDA:0,(anonymous_9)
FNDA:2,(anonymous_10)
FNDA:0,(anonymous_11)
FNDA:2,(anonymous_12)
FNDA:1,(anonymous_13)
FNDA:0,(anonymous_14)
FNDA:2,(anonymous_15)
FNDA:1,(anonymous_16)
FNDA:0,(anonymous_17)
FNDA:3,(anonymous_18)
FNDA:1,(anonymous_19)
FNDA:0,(anonymous_20)
FNDA:3,(anonymous_21)
FNDA:1,(anonymous_22)
FNDA:0,(anonymous_23)
FNDA:2,(anonymous_24)
FNDA:2,(anonymous_25)
FNDA:0,(anonymous_26)
FNDA:2,(anonymous_27)
FNDA:2,(anonymous_28)
FNDA:0,(anonymous_29)
FNDA:0,(anonymous_30)
DA:3,1
DA:4,1
DA:5,1
DA:6,1
DA:8,1
DA:9,1
DA:10,1
DA:15,1
DA:16,2
DA:17,2
DA:20,2
DA:21,1
DA:22,1
DA:24,1
DA:29,0
DA:34,1
DA:35,2
DA:36,2
DA:37,3
DA:38,1
DA:43,1
DA:46,1
DA:48,0
DA:53,1
DA:54,2
DA:55,2
DA:56,2
DA:57,2
DA:58,1
DA:60,1
DA:63,0
DA:67,1
DA:68,2
DA:69,2
DA:70,2
DA:71,2
DA:72,1
DA:74,1
DA:77,0
DA:82,1
DA:83,2
DA:84,2
DA:85,2
DA:86,2
DA:87,1
DA:89,1
DA:92,0
DA:97,1
DA:98,2
DA:99,2
DA:100,3
DA:101,1
DA:106,1
DA:108,1
DA:111,0
DA:116,1
DA:117,2
DA:118,2
DA:119,8
DA:120,1
DA:125,1
DA:128,1
DA:131,0
DA:137,1
DA:138,3
DA:139,3
DA:142,3
DA:143,1
DA:147,2
DA:155,2
DA:156,2
DA:157,2
DA:158,1
DA:163,1
DA:169,1
DA:173,0
DA:179,1
DA:180,3
DA:181,3
DA:184,3
DA:185,1
DA:189,2
DA:192,2
DA:193,2
DA:194,2
DA:195,1
DA:200,1
DA:206,1
DA:210,0
DA:215,1
DA:216,2
DA:217,2
DA:221,2
DA:222,1
DA:226,1
DA:231,0
DA:235,1
DA:236,2
DA:237,2
DA:241,2
DA:242,1
DA:246,1
DA:249,0
DA:253,1
DA:254,0
LF:105
LH:93
BRDA:3,0,0,1
BRDA:3,0,1,0
BRDA:20,1,0,1
BRDA:20,1,1,1
BRDA:37,2,0,1
BRDA:37,2,1,2
BRDA:57,3,0,1
BRDA:57,3,1,1
BRDA:71,4,0,1
BRDA:71,4,1,1
BRDA:86,5,0,1
BRDA:86,5,1,1
BRDA:100,6,0,1
BRDA:100,6,1,2
BRDA:119,7,0,1
BRDA:119,7,1,7
BRDA:142,8,0,1
BRDA:142,8,1,2
BRDA:157,9,0,1
BRDA:157,9,1,1
BRDA:184,10,0,1
BRDA:184,10,1,2
BRDA:194,11,0,1
BRDA:194,11,1,1
BRDA:221,12,0,1
BRDA:221,12,1,1
BRDA:241,13,0,1
BRDA:241,13,1,1
BRF:28
BRH:27
end_of_record
TN:
SF:/Users/polsieira/OneDrive/Documents/Turing/mod-4/projects/pallette_picker/palette-producer-api/knexfile.js
FNF:0
FNH:0
DA:1,1
LF:1
LH:1
BRF:0
BRH:0
end_of_record
TN:
SF:/Users/polsieira/OneDrive/Documents/Turing/mod-4/projects/pallette_picker/palette-producer-api/db/seeds/test/palettes.js
FN:62,(anonymous_0)
FN:67,(anonymous_1)
FN:69,(anonymous_2)
FN:74,(anonymous_3)
FN:77,(anonymous_4)
FN:82,(anonymous_5)
FN:84,(anonymous_6)
FN:89,(anonymous_7)
FN:92,(anonymous_8)
FN:105,(anonymous_9)
FN:107,(anonymous_10)
FN:108,(anonymous_11)
FN:109,(anonymous_12)
FN:111,(anonymous_13)
FN:116,(anonymous_14)
FNF:15
FNH:12
FNDA:72,(anonymous_0)
FNDA:72,(anonymous_1)
FNDA:72,(anonymous_2)
FNDA:0,(anonymous_3)
FNDA:72,(anonymous_4)
FNDA:72,(anonymous_5)
FNDA:72,(anonymous_6)
FNDA:0,(anonymous_7)
FNDA:72,(anonymous_8)
FNDA:24,(anonymous_9)
FNDA:24,(anonymous_10)
FNDA:24,(anonymous_11)
FNDA:24,(anonymous_12)
FNDA:72,(anonymous_13)
FNDA:0,(anonymous_14)
DA:2,1
DA:62,1
DA:63,72
DA:68,72
DA:69,72
DA:70,72
DA:72,72
DA:74,0
DA:77,1
DA:78,72
DA:83,72
DA:84,72
DA:85,72
DA:87,72
DA:89,0
DA:92,1
DA:93,72
DA:105,1
DA:106,24
DA:107,24
DA:108,24
DA:110,24
DA:111,24
DA:112,72
DA:114,24
DA:116,0
LF:26
LH:23
BRF:0
BRH:0
end_of_record
